<?xml version="1.0" encoding="UTF-8"?>
<!-- Generated by org.testng.reporters.JUnitXMLReporter -->
<testsuite hostname="AGATI-L020" ignored="0" name="Test" tests="1" failures="0" timestamp="2020-10-14T16:45:07 IST" time="0.111" errors="0">
  <testcase name="@BeforeMethod setup" time="0.013" classname="Browser.Launching">
    <failure type="java.lang.NullPointerException">
      <![CDATA[java.lang.NullPointerException
at Browser.Launching.setup(Launching.java:30)
at java.util.ArrayList.forEach(Unknown Source)
... Removed 31 stack frames]]>
    </failure>
  </testcase> <!-- @BeforeMethod setup -->
  <testcase name="@AfterMethod teardown" time="-1.602674107707E9" classname="Browser.Launching">
    <skipped/>
  </testcase> <!-- @AfterMethod teardown -->
  <testcase name="loginpage" time="0.0" classname="Testcases.login_page">
    <skipped/>
  </testcase> <!-- loginpage -->
</testsuite> <!-- Test -->
